# JRE version: OpenJDK Runtime Environment (24.0.1+9) (build 24.0.1+9-30)
# Java VM: OpenJDK 64-Bit Server VM (24.0.1+9-30, mixed mode, emulated-client, sharing, tiered, compressed oops, compressed class ptrs, g1 gc, windows-amd64)
GC Precious Log:
 CardTable entry size: 512
 Card Set container configuration: InlinePtr #cards 4 size 8 Array Of Cards #cards 64 size 144 Howl #buckets 8 coarsen threshold 14745 Howl Bitmap #cards 2048 size 272 coarsen threshold 1843 Card regions per heap region 1 cards per card region 16384
 CPUs: 24 total, 24 available
 Memory: 65437M
 Large Page Support: Disabled
 NUMA Support: Disabled
 Compressed Oops: Enabled (Zero based)
 Heap Region Size: 8M
 Heap Min Capacity: 8M
 Heap Initial Capacity: 1G
 Heap Max Capacity: 16360M
 Pre-touch: Disabled
 Parallel Workers: 18
 Concurrent Workers: 5
 Concurrent Refinement Workers: 18
 Periodic GC: Disabled
Heap:
 garbage-first heap   total reserved 16752640K, committed 73728K, used 16717K [0x0000000401800000, 0x0000000800000000)
  region size 8192K, 2 young (16384K), 1 survivors (8192K)
 Metaspace       used 35958K, committed 36416K, reserved 1114112K
  class space    used 3909K, committed 4096K, reserved 1048576K
GC Heap History (14 events):
Event: 0.788 GC heap before
{Heap before GC invocations=0 (full 0):
 garbage-first heap   total reserved 16752640K, committed 1056768K, used 50288K [0x0000000401800000, 0x0000000800000000)
  region size 8192K, 6 young (49152K), 0 survivors (0K)
 Metaspace       used 13683K, committed 13952K, reserved 1114112K
  class space    used 1315K, committed 1408K, reserved 1048576K
}
Event: 0.793 GC heap after
{Heap after GC invocations=1 (full 0):
 garbage-first heap   total reserved 16752640K, committed 1056768K, used 6597K [0x0000000401800000, 0x0000000800000000)
  region size 8192K, 1 young (8192K), 1 survivors (8192K)
 Metaspace       used 13683K, committed 13952K, reserved 1114112K
  class space    used 1315K, committed 1408K, reserved 1048576K
}
Event: 1.054 GC heap before
{Heap before GC invocations=1 (full 0):
 garbage-first heap   total reserved 16752640K, committed 1056768K, used 39365K [0x0000000401800000, 0x0000000800000000)
  region size 8192K, 6 young (49152K), 1 survivors (8192K)
 Metaspace       used 21300K, committed 21504K, reserved 1114112K
  class space    used 2105K, committed 2176K, reserved 1048576K
}
Event: 1.058 GC heap after
{Heap after GC invocations=2 (full 0):
 garbage-first heap   total reserved 16752640K, committed 1056768K, used 8632K [0x0000000401800000, 0x0000000800000000)
  region size 8192K, 1 young (8192K), 1 survivors (8192K)
 Metaspace       used 21300K, committed 21504K, reserved 1114112K
  class space    used 2105K, committed 2176K, reserved 1048576K
}
Event: 1.222 GC heap before
{Heap before GC invocations=3 (full 0):
 garbage-first heap   total reserved 16752640K, committed 57344K, used 49592K [0x0000000401800000, 0x0000000800000000)
  region size 8192K, 6 young (49152K), 1 survivors (8192K)
 Metaspace       used 24311K, committed 24640K, reserved 1114112K
  class space    used 2500K, committed 2624K, reserved 1048576K
}
Event: 1.227 GC heap after
{Heap after GC invocations=4 (full 0):
 garbage-first heap   total reserved 16752640K, committed 73728K, used 11267K [0x0000000401800000, 0x0000000800000000)
  region size 8192K, 2 young (16384K), 2 survivors (16384K)
 Metaspace       used 24311K, committed 24640K, reserved 1114112K
  class space    used 2500K, committed 2624K, reserved 1048576K
}
Event: 1.385 GC heap before
{Heap before GC invocations=4 (full 0):
 garbage-first heap   total reserved 16752640K, committed 73728K, used 35843K [0x0000000401800000, 0x0000000800000000)
  region size 8192K, 5 young (40960K), 2 survivors (16384K)
 Metaspace       used 25529K, committed 25856K, reserved 1114112K
  class space    used 2629K, committed 2752K, reserved 1048576K
}
Event: 1.393 GC heap after
{Heap after GC invocations=5 (full 0):
 garbage-first heap   total reserved 16752640K, committed 73728K, used 11588K [0x0000000401800000, 0x0000000800000000)
  region size 8192K, 1 young (8192K), 1 survivors (8192K)
 Metaspace       used 25529K, committed 25856K, reserved 1114112K
  class space    used 2629K, committed 2752K, reserved 1048576K
}
Event: 1.751 GC heap before
{Heap before GC invocations=5 (full 0):
 garbage-first heap   total reserved 16752640K, committed 73728K, used 44356K [0x0000000401800000, 0x0000000800000000)
  region size 8192K, 5 young (40960K), 1 survivors (8192K)
 Metaspace       used 29898K, committed 30272K, reserved 1114112K
  class space    used 3182K, committed 3328K, reserved 1048576K
}
Event: 1.754 GC heap after
{Heap after GC invocations=6 (full 0):
 garbage-first heap   total reserved 16752640K, committed 73728K, used 13959K [0x0000000401800000, 0x0000000800000000)
  region size 8192K, 1 young (8192K), 1 survivors (8192K)
 Metaspace       used 29898K, committed 30272K, reserved 1114112K
  class space    used 3182K, committed 3328K, reserved 1048576K
}
Event: 11.841 GC heap before
{Heap before GC invocations=6 (full 0):
 garbage-first heap   total reserved 16752640K, committed 73728K, used 46727K [0x0000000401800000, 0x0000000800000000)
  region size 8192K, 5 young (40960K), 1 survivors (8192K)
 Metaspace       used 34673K, committed 35072K, reserved 1114112K
  class space    used 3753K, committed 3904K, reserved 1048576K
}
Event: 11.844 GC heap after
{Heap after GC invocations=7 (full 0):
 garbage-first heap   total reserved 16752640K, committed 73728K, used 16296K [0x0000000401800000, 0x0000000800000000)
  region size 8192K, 1 young (8192K), 1 survivors (8192K)
 Metaspace       used 34673K, committed 35072K, reserved 1114112K
  class space    used 3753K, committed 3904K, reserved 1048576K
}
Event: 11.898 GC heap before
{Heap before GC invocations=7 (full 0):
 garbage-first heap   total reserved 16752640K, committed 73728K, used 16296K [0x0000000401800000, 0x0000000800000000)
  region size 8192K, 2 young (16384K), 1 survivors (8192K)
 Metaspace       used 35742K, committed 36160K, reserved 1114112K
  class space    used 3887K, committed 4096K, reserved 1048576K
}
Event: 11.901 GC heap after
{Heap after GC invocations=8 (full 0):
 garbage-first heap   total reserved 16752640K, committed 73728K, used 16717K [0x0000000401800000, 0x0000000800000000)
  region size 8192K, 1 young (8192K), 1 survivors (8192K)
 Metaspace       used 35742K, committed 36160K, reserved 1114112K
  class space    used 3887K, committed 4096K, reserved 1048576K
}

